This file contains any messages produced by compilers while
running configure, to aid debugging if configure makes a mistake.

It was created by OpenEXR_Viewers configure 2.0.0, which was
generated by GNU Autoconf 2.69.  Invocation command line was

  $ ./configure --prefix=/usr/

## --------- ##
## Platform. ##
## --------- ##

hostname = ns2
uname -m = i686
uname -r = 3.4.9-x86-smp
uname -s = Linux
uname -v = #1 SMP PREEMPT Sat Aug 18 16:18:05 SAST 2012

/usr/bin/uname -p = unknown
/bin/uname -X     = unknown

/bin/arch              = i686
/usr/bin/arch -k       = unknown
/usr/convex/getsysinfo = unknown
/usr/bin/hostinfo      = unknown
/bin/machine           = unknown
/usr/bin/oslevel       = unknown
/bin/universe          = unknown

PATH: /usr/local/sbin
PATH: /usr/sbin
PATH: /sbin
PATH: /usr/local/bin
PATH: /usr/bin
PATH: /bin
PATH: /usr/X11R7/bin
PATH: /opt/sophos/bin
PATH: /opt/xfce/bin/


## ----------- ##
## Core tests. ##
## ----------- ##

configure:2610: checking build system type
configure:2624: result: i686-pc-linux-gnu
configure:2644: checking host system type
configure:2657: result: i686-pc-linux-gnu
configure:2696: checking for a BSD-compatible install
configure:2764: result: /usr/bin/ginstall -c
configure:2775: checking whether build environment is sane
configure:2830: result: yes
configure:2981: checking for a thread-safe mkdir -p
configure:3020: result: /usr/bin/mkdir -p
configure:3027: checking for gawk
configure:3043: found /usr/bin/gawk
configure:3054: result: gawk
configure:3065: checking whether make sets $(MAKE)
configure:3087: result: yes
configure:3116: checking whether make supports nested variables
configure:3133: result: yes
configure:3258: checking whether to enable maintainer-specific portions of Makefiles
configure:3267: result: no
configure:3346: checking for g++
configure:3362: found /usr/bin/g++
configure:3373: result: g++
configure:3400: checking for C++ compiler version
configure:3409: g++ --version >&5
g++ (GCC) 4.8.1 20130530 (prerelease)
Copyright (C) 2013 Free Software Foundation, Inc.
This is free software; see the source for copying conditions.  There is NO
warranty; not even for MERCHANTABILITY or FITNESS FOR A PARTICULAR PURPOSE.

configure:3420: $? = 0
configure:3409: g++ -v >&5
Using built-in specs.
COLLECT_GCC=g++
COLLECT_LTO_WRAPPER=/usr/libexec/gcc/i686-linux-gnu/4.8.1/lto-wrapper
Target: i686-linux-gnu
Configured with: ./../configure --prefix=/usr --sysconfdir=/etc/ --mandir=/usr/share/man --localstatedir=/var --infodir=/usr/share/info --libdir=/usr/lib --host=i686-linux-gnu --build=i686-linux-gnu --with-ecj-jar=/usr/share/java/ecj-3.5.2.jar --enable-lto --enable-cloog-backend=isl --enable-java-home --with-system-zlib --target=i686-linux-gnu --with-sysroot=/ --with-jvm-root-dir=/usr/lib/jvm/gcj-jdk --enable-languages=c,c++,fortran,java,lto,objc,obj-c++,go,ada
Thread model: posix
gcc version 4.8.1 20130530 (prerelease) (GCC) 
configure:3420: $? = 0
configure:3409: g++ -V >&5
g++: error: unrecognized command line option '-V'
g++: fatal error: no input files
compilation terminated.
configure:3420: $? = 1
configure:3409: g++ -qversion >&5
g++: error: unrecognized command line option '-qversion'
g++: fatal error: no input files
compilation terminated.
configure:3420: $? = 1
configure:3440: checking whether the C++ compiler works
configure:3462: g++    conftest.cpp  >&5
configure:3466: $? = 0
configure:3514: result: yes
configure:3517: checking for C++ compiler default output file name
configure:3519: result: a.out
configure:3525: checking for suffix of executables
configure:3532: g++ -o conftest    conftest.cpp  >&5
configure:3536: $? = 0
configure:3558: result: 
configure:3580: checking whether we are cross compiling
configure:3588: g++ -o conftest    conftest.cpp  >&5
configure:3592: $? = 0
configure:3599: ./conftest
configure:3603: $? = 0
configure:3618: result: no
configure:3623: checking for suffix of object files
configure:3645: g++ -c   conftest.cpp >&5
configure:3649: $? = 0
configure:3670: result: o
configure:3674: checking whether we are using the GNU C++ compiler
configure:3693: g++ -c   conftest.cpp >&5
configure:3693: $? = 0
configure:3702: result: yes
configure:3711: checking whether g++ accepts -g
configure:3731: g++ -c -g  conftest.cpp >&5
configure:3731: $? = 0
configure:3772: result: yes
configure:3806: checking for style of include used by make
configure:3834: result: GNU
configure:3860: checking dependency style of g++
configure:3971: result: gcc3
configure:4035: checking for gcc
configure:4051: found /usr/bin/gcc
configure:4062: result: gcc
configure:4291: checking for C compiler version
configure:4300: gcc --version >&5
gcc (GCC) 4.8.1 20130530 (prerelease)
Copyright (C) 2013 Free Software Foundation, Inc.
This is free software; see the source for copying conditions.  There is NO
warranty; not even for MERCHANTABILITY or FITNESS FOR A PARTICULAR PURPOSE.

configure:4311: $? = 0
configure:4300: gcc -v >&5
Using built-in specs.
COLLECT_GCC=gcc
COLLECT_LTO_WRAPPER=/usr/libexec/gcc/i686-linux-gnu/4.8.1/lto-wrapper
Target: i686-linux-gnu
Configured with: ./../configure --prefix=/usr --sysconfdir=/etc/ --mandir=/usr/share/man --localstatedir=/var --infodir=/usr/share/info --libdir=/usr/lib --host=i686-linux-gnu --build=i686-linux-gnu --with-ecj-jar=/usr/share/java/ecj-3.5.2.jar --enable-lto --enable-cloog-backend=isl --enable-java-home --with-system-zlib --target=i686-linux-gnu --with-sysroot=/ --with-jvm-root-dir=/usr/lib/jvm/gcj-jdk --enable-languages=c,c++,fortran,java,lto,objc,obj-c++,go,ada
Thread model: posix
gcc version 4.8.1 20130530 (prerelease) (GCC) 
configure:4311: $? = 0
configure:4300: gcc -V >&5
gcc: error: unrecognized command line option '-V'
gcc: fatal error: no input files
compilation terminated.
configure:4311: $? = 1
configure:4300: gcc -qversion >&5
gcc: error: unrecognized command line option '-qversion'
gcc: fatal error: no input files
compilation terminated.
configure:4311: $? = 1
configure:4315: checking whether we are using the GNU C compiler
configure:4334: gcc -c   conftest.c >&5
configure:4334: $? = 0
configure:4343: result: yes
configure:4352: checking whether gcc accepts -g
configure:4372: gcc -c -g  conftest.c >&5
configure:4372: $? = 0
configure:4413: result: yes
configure:4430: checking for gcc option to accept ISO C89
configure:4493: gcc  -c -g -O2  conftest.c >&5
configure:4493: $? = 0
configure:4506: result: none needed
configure:4531: checking whether gcc understands -c and -o together
configure:4553: gcc -c conftest.c -o conftest2.o
configure:4556: $? = 0
configure:4553: gcc -c conftest.c -o conftest2.o
configure:4556: $? = 0
configure:4568: result: yes
configure:4587: checking dependency style of gcc
configure:4698: result: gcc3
configure:4713: checking whether ln -s works
configure:4717: result: yes
configure:4770: checking how to print strings
configure:4797: result: printf
configure:4818: checking for a sed that does not truncate output
configure:4882: result: /usr/bin/sed
configure:4900: checking for grep that handles long lines and -e
configure:4958: result: /usr/bin/grep
configure:4963: checking for egrep
configure:5025: result: /usr/bin/grep -E
configure:5030: checking for fgrep
configure:5092: result: /usr/bin/grep -F
configure:5127: checking for ld used by gcc
configure:5194: result: /usr/i686-linux-gnu/bin/ld
configure:5201: checking if the linker (/usr/i686-linux-gnu/bin/ld) is GNU ld
configure:5216: result: yes
configure:5228: checking for BSD- or MS-compatible name lister (nm)
configure:5277: result: /usr/bin/nm -B
configure:5407: checking the name lister (/usr/bin/nm -B) interface
configure:5414: gcc -c -g -O2  conftest.c >&5
configure:5417: /usr/bin/nm -B "conftest.o"
configure:5420: output
00000000 B some_variable
configure:5427: result: BSD nm
configure:5431: checking the maximum length of command line arguments
configure:5561: result: 1572864
configure:5578: checking whether the shell understands some XSI constructs
configure:5588: result: yes
configure:5592: checking whether the shell understands "+="
configure:5598: result: yes
configure:5633: checking how to convert i686-pc-linux-gnu file names to i686-pc-linux-gnu format
configure:5673: result: func_convert_file_noop
configure:5680: checking how to convert i686-pc-linux-gnu file names to toolchain format
configure:5700: result: func_convert_file_noop
configure:5707: checking for /usr/i686-linux-gnu/bin/ld option to reload object files
configure:5714: result: -r
configure:5788: checking for objdump
configure:5804: found /usr/bin/objdump
configure:5815: result: objdump
configure:5847: checking how to recognize dependent libraries
configure:6049: result: pass_all
configure:6134: checking for dlltool
configure:6164: result: no
configure:6194: checking how to associate runtime and link libraries
configure:6221: result: printf %s\n
configure:6282: checking for ar
configure:6298: found /usr/bin/ar
configure:6309: result: ar
configure:6346: checking for archiver @FILE support
configure:6363: gcc -c -g -O2  conftest.c >&5
configure:6363: $? = 0
configure:6366: ar cru libconftest.a @conftest.lst >&5
configure:6369: $? = 0
configure:6374: ar cru libconftest.a @conftest.lst >&5
ar: conftest.o: No such file or directory
configure:6377: $? = 1
configure:6389: result: @
configure:6447: checking for strip
configure:6463: found /usr/bin/strip
configure:6474: result: strip
configure:6546: checking for ranlib
configure:6562: found /usr/bin/ranlib
configure:6573: result: ranlib
configure:6675: checking command to parse /usr/bin/nm -B output from gcc object
configure:6795: gcc -c -g -O2  conftest.c >&5
configure:6798: $? = 0
configure:6802: /usr/bin/nm -B conftest.o \| sed -n -e 's/^.*[ ]\([ABCDGIRSTW][ABCDGIRSTW]*\)[ ][ ]*\([_A-Za-z][_A-Za-z0-9]*\)$/\1 \2 \2/p' | sed '/ __gnu_lto/d' \> conftest.nm
configure:6805: $? = 0
configure:6871: gcc -o conftest -g -O2   conftest.c conftstm.o >&5
configure:6874: $? = 0
configure:6912: result: ok
configure:6949: checking for sysroot
configure:6979: result: no
configure:7235: checking for mt
configure:7251: found /usr/bin/mt
configure:7262: result: mt
configure:7285: checking if mt is a manifest tool
configure:7291: mt '-?'
usage: mt [-v] [--version] [-h] [ -f device ] command [ count ]
configure:7299: result: no
configure:7941: checking how to run the C preprocessor
configure:7972: gcc -E  conftest.c
configure:7972: $? = 0
configure:7986: gcc -E  conftest.c
conftest.c:11:28: fatal error: ac_nonexistent.h: No such file or directory
 #include <ac_nonexistent.h>
                            ^
compilation terminated.
configure:7986: $? = 1
configure: failed program was:
| /* confdefs.h */
| #define PACKAGE_NAME "OpenEXR_Viewers"
| #define PACKAGE_TARNAME "openexr_viewers"
| #define PACKAGE_VERSION "2.0.0"
| #define PACKAGE_STRING "OpenEXR_Viewers 2.0.0"
| #define PACKAGE_BUGREPORT ""
| #define PACKAGE_URL ""
| #define PACKAGE "openexr_viewers"
| #define VERSION "2.0.0"
| /* end confdefs.h.  */
| #include <ac_nonexistent.h>
configure:8011: result: gcc -E
configure:8031: gcc -E  conftest.c
configure:8031: $? = 0
configure:8045: gcc -E  conftest.c
conftest.c:11:28: fatal error: ac_nonexistent.h: No such file or directory
 #include <ac_nonexistent.h>
                            ^
compilation terminated.
configure:8045: $? = 1
configure: failed program was:
| /* confdefs.h */
| #define PACKAGE_NAME "OpenEXR_Viewers"
| #define PACKAGE_TARNAME "openexr_viewers"
| #define PACKAGE_VERSION "2.0.0"
| #define PACKAGE_STRING "OpenEXR_Viewers 2.0.0"
| #define PACKAGE_BUGREPORT ""
| #define PACKAGE_URL ""
| #define PACKAGE "openexr_viewers"
| #define VERSION "2.0.0"
| /* end confdefs.h.  */
| #include <ac_nonexistent.h>
configure:8074: checking for ANSI C header files
configure:8094: gcc -c -g -O2  conftest.c >&5
configure:8094: $? = 0
configure:8167: gcc -o conftest -g -O2   conftest.c  >&5
configure:8167: $? = 0
configure:8167: ./conftest
configure:8167: $? = 0
configure:8178: result: yes
configure:8191: checking for sys/types.h
configure:8191: gcc -c -g -O2  conftest.c >&5
configure:8191: $? = 0
configure:8191: result: yes
configure:8191: checking for sys/stat.h
configure:8191: gcc -c -g -O2  conftest.c >&5
configure:8191: $? = 0
configure:8191: result: yes
configure:8191: checking for stdlib.h
configure:8191: gcc -c -g -O2  conftest.c >&5
configure:8191: $? = 0
configure:8191: result: yes
configure:8191: checking for string.h
configure:8191: gcc -c -g -O2  conftest.c >&5
configure:8191: $? = 0
configure:8191: result: yes
configure:8191: checking for memory.h
configure:8191: gcc -c -g -O2  conftest.c >&5
configure:8191: $? = 0
configure:8191: result: yes
configure:8191: checking for strings.h
configure:8191: gcc -c -g -O2  conftest.c >&5
configure:8191: $? = 0
configure:8191: result: yes
configure:8191: checking for inttypes.h
configure:8191: gcc -c -g -O2  conftest.c >&5
configure:8191: $? = 0
configure:8191: result: yes
configure:8191: checking for stdint.h
configure:8191: gcc -c -g -O2  conftest.c >&5
configure:8191: $? = 0
configure:8191: result: yes
configure:8191: checking for unistd.h
configure:8191: gcc -c -g -O2  conftest.c >&5
configure:8191: $? = 0
configure:8191: result: yes
configure:8205: checking for dlfcn.h
configure:8205: gcc -c -g -O2  conftest.c >&5
configure:8205: $? = 0
configure:8205: result: yes
configure:8422: checking for objdir
configure:8437: result: .libs
configure:8704: checking if gcc supports -fno-rtti -fno-exceptions
configure:8722: gcc -c -g -O2  -fno-rtti -fno-exceptions conftest.c >&5
cc1: warning: command line option '-fno-rtti' is valid for C++/ObjC++ but not for C [enabled by default]
configure:8726: $? = 0
configure:8739: result: no
configure:9066: checking for gcc option to produce PIC
configure:9073: result: -fPIC -DPIC
configure:9081: checking if gcc PIC flag -fPIC -DPIC works
configure:9099: gcc -c -g -O2  -fPIC -DPIC -DPIC conftest.c >&5
configure:9103: $? = 0
configure:9116: result: yes
configure:9145: checking if gcc static flag -static works
configure:9173: result: yes
configure:9188: checking if gcc supports -c -o file.o
configure:9209: gcc -c -g -O2  -o out/conftest2.o conftest.c >&5
configure:9213: $? = 0
configure:9235: result: yes
configure:9243: checking if gcc supports -c -o file.o
configure:9290: result: yes
configure:9323: checking whether the gcc linker (/usr/i686-linux-gnu/bin/ld) supports shared libraries
configure:10476: result: yes
configure:10513: checking whether -lc should be explicitly linked in
configure:10521: gcc -c -g -O2  conftest.c >&5
configure:10524: $? = 0
configure:10539: gcc -shared  -fPIC -DPIC conftest.o  -v -Wl,-soname -Wl,conftest -o conftest 2\>\&1 \| /usr/bin/grep  -lc  \>/dev/null 2\>\&1
configure:10542: $? = 0
configure:10556: result: no
configure:10716: checking dynamic linker characteristics
configure:11227: gcc -o conftest -g -O2   -Wl,-rpath -Wl,/foo conftest.c  >&5
configure:11227: $? = 0
configure:11449: result: GNU/Linux ld.so
configure:11556: checking how to hardcode library paths into programs
configure:11581: result: immediate
configure:12121: checking whether stripping libraries is possible
configure:12126: result: yes
configure:12161: checking if libtool supports shared libraries
configure:12163: result: yes
configure:12166: checking whether to build shared libraries
configure:12187: result: yes
configure:12190: checking whether to build static libraries
configure:12194: result: yes
configure:12217: checking how to run the C++ preprocessor
configure:12244: g++ -E  conftest.cpp
configure:12244: $? = 0
configure:12258: g++ -E  conftest.cpp
conftest.cpp:23:28: fatal error: ac_nonexistent.h: No such file or directory
 #include <ac_nonexistent.h>
                            ^
compilation terminated.
configure:12258: $? = 1
configure: failed program was:
| /* confdefs.h */
| #define PACKAGE_NAME "OpenEXR_Viewers"
| #define PACKAGE_TARNAME "openexr_viewers"
| #define PACKAGE_VERSION "2.0.0"
| #define PACKAGE_STRING "OpenEXR_Viewers 2.0.0"
| #define PACKAGE_BUGREPORT ""
| #define PACKAGE_URL ""
| #define PACKAGE "openexr_viewers"
| #define VERSION "2.0.0"
| #define STDC_HEADERS 1
| #define HAVE_SYS_TYPES_H 1
| #define HAVE_SYS_STAT_H 1
| #define HAVE_STDLIB_H 1
| #define HAVE_STRING_H 1
| #define HAVE_MEMORY_H 1
| #define HAVE_STRINGS_H 1
| #define HAVE_INTTYPES_H 1
| #define HAVE_STDINT_H 1
| #define HAVE_UNISTD_H 1
| #define HAVE_DLFCN_H 1
| #define LT_OBJDIR ".libs/"
| /* end confdefs.h.  */
| #include <ac_nonexistent.h>
configure:12283: result: g++ -E
configure:12303: g++ -E  conftest.cpp
configure:12303: $? = 0
configure:12317: g++ -E  conftest.cpp
conftest.cpp:23:28: fatal error: ac_nonexistent.h: No such file or directory
 #include <ac_nonexistent.h>
                            ^
compilation terminated.
configure:12317: $? = 1
configure: failed program was:
| /* confdefs.h */
| #define PACKAGE_NAME "OpenEXR_Viewers"
| #define PACKAGE_TARNAME "openexr_viewers"
| #define PACKAGE_VERSION "2.0.0"
| #define PACKAGE_STRING "OpenEXR_Viewers 2.0.0"
| #define PACKAGE_BUGREPORT ""
| #define PACKAGE_URL ""
| #define PACKAGE "openexr_viewers"
| #define VERSION "2.0.0"
| #define STDC_HEADERS 1
| #define HAVE_SYS_TYPES_H 1
| #define HAVE_SYS_STAT_H 1
| #define HAVE_STDLIB_H 1
| #define HAVE_STRING_H 1
| #define HAVE_MEMORY_H 1
| #define HAVE_STRINGS_H 1
| #define HAVE_INTTYPES_H 1
| #define HAVE_STDINT_H 1
| #define HAVE_UNISTD_H 1
| #define HAVE_DLFCN_H 1
| #define LT_OBJDIR ".libs/"
| /* end confdefs.h.  */
| #include <ac_nonexistent.h>
configure:12486: checking for ld used by g++
configure:12553: result: /usr/i686-linux-gnu/bin/ld
configure:12560: checking if the linker (/usr/i686-linux-gnu/bin/ld) is GNU ld
configure:12575: result: yes
configure:12630: checking whether the g++ linker (/usr/i686-linux-gnu/bin/ld) supports shared libraries
configure:13635: result: yes
configure:13671: g++ -c -g -O2  conftest.cpp >&5
configure:13674: $? = 0
configure:14194: checking for g++ option to produce PIC
configure:14201: result: -fPIC -DPIC
configure:14209: checking if g++ PIC flag -fPIC -DPIC works
configure:14227: g++ -c -g -O2  -fPIC -DPIC -DPIC conftest.cpp >&5
configure:14231: $? = 0
configure:14244: result: yes
configure:14267: checking if g++ static flag -static works
configure:14295: result: yes
configure:14307: checking if g++ supports -c -o file.o
configure:14328: g++ -c -g -O2  -o out/conftest2.o conftest.cpp >&5
configure:14332: $? = 0
configure:14354: result: yes
configure:14359: checking if g++ supports -c -o file.o
configure:14406: result: yes
configure:14436: checking whether the g++ linker (/usr/i686-linux-gnu/bin/ld) supports shared libraries
configure:14472: result: yes
configure:14613: checking dynamic linker characteristics
configure:15280: result: GNU/Linux ld.so
configure:15333: checking how to hardcode library paths into programs
configure:15358: result: immediate
configure:15419: checking whether make sets $(MAKE)
configure:15441: result: yes
configure:15495: checking for pkg-config
configure:15513: found /usr/bin/pkg-config
configure:15526: result: /usr/bin/pkg-config
configure:15638: checking for pkg-config
configure:15669: result: /usr/bin/pkg-config
configure:16273: checking for OpenEXR
configure:16310: g++ -o conftest -g -O2 -pthread -I/usr/include/OpenEXR       conftest.cpp  -pthread -lIlmImf -lImath -lHalf -lIex -lIlmThread   >&5
conftest.cpp: In function 'int main()':
conftest.cpp:31:1: error: 'OPENEXR_IMF_NAMESPACE' has not been declared
 OPENEXR_IMF_NAMESPACE::isOpenExrFile("notExist");; system("touch conf.testprogram");
 ^
configure:16310: $? = 1
configure: program exited with status 1
configure: failed program was:
| /* confdefs.h */
| #define PACKAGE_NAME "OpenEXR_Viewers"
| #define PACKAGE_TARNAME "openexr_viewers"
| #define PACKAGE_VERSION "2.0.0"
| #define PACKAGE_STRING "OpenEXR_Viewers 2.0.0"
| #define PACKAGE_BUGREPORT ""
| #define PACKAGE_URL ""
| #define PACKAGE "openexr_viewers"
| #define VERSION "2.0.0"
| #define STDC_HEADERS 1
| #define HAVE_SYS_TYPES_H 1
| #define HAVE_SYS_STAT_H 1
| #define HAVE_STDLIB_H 1
| #define HAVE_STRING_H 1
| #define HAVE_MEMORY_H 1
| #define HAVE_STRINGS_H 1
| #define HAVE_INTTYPES_H 1
| #define HAVE_STDINT_H 1
| #define HAVE_UNISTD_H 1
| #define HAVE_DLFCN_H 1
| #define LT_OBJDIR ".libs/"
| /* end confdefs.h.  */
| 
| #include <stdlib.h>
| #include <ImfTestFile.h>
| #include <OpenEXRConfig.h>
| 
| int
| main ()
| {
| OPENEXR_IMF_NAMESPACE::isOpenExrFile("notExist");; system("touch conf.testprogram");
|   ;
|   return 0;
| }
configure:16326: result: no
configure:16349: g++ -c -g -O2 -pthread -I/usr/include/OpenEXR    conftest.cpp >&5
conftest.cpp: In function 'int main()':
conftest.cpp:31:1: error: 'OPENEXR_IMF_NAMESPACE' has not been declared
 OPENEXR_IMF_NAMESPACE::isOpenExrFile("notExist"); ;
 ^
configure:16349: $? = 1
configure: failed program was:
| /* confdefs.h */
| #define PACKAGE_NAME "OpenEXR_Viewers"
| #define PACKAGE_TARNAME "openexr_viewers"
| #define PACKAGE_VERSION "2.0.0"
| #define PACKAGE_STRING "OpenEXR_Viewers 2.0.0"
| #define PACKAGE_BUGREPORT ""
| #define PACKAGE_URL ""
| #define PACKAGE "openexr_viewers"
| #define VERSION "2.0.0"
| #define STDC_HEADERS 1
| #define HAVE_SYS_TYPES_H 1
| #define HAVE_SYS_STAT_H 1
| #define HAVE_STDLIB_H 1
| #define HAVE_STRING_H 1
| #define HAVE_MEMORY_H 1
| #define HAVE_STRINGS_H 1
| #define HAVE_INTTYPES_H 1
| #define HAVE_STDINT_H 1
| #define HAVE_UNISTD_H 1
| #define HAVE_DLFCN_H 1
| #define LT_OBJDIR ".libs/"
| /* end confdefs.h.  */
| 
| #include <stdlib.h>
| #include <ImfTestFile.h>
| #include <OpenEXRConfig.h>
| 
| int
| main ()
| {
| OPENEXR_IMF_NAMESPACE::isOpenExrFile("notExist"); ;
|   ;
|   return 0;
| }
configure:16413: error: Could not compile OpenEXR test program.

## ---------------- ##
## Cache variables. ##
## ---------------- ##

ac_cv_build=i686-pc-linux-gnu
ac_cv_c_compiler_gnu=yes
ac_cv_cxx_compiler_gnu=yes
ac_cv_env_CCC_set=
ac_cv_env_CCC_value=
ac_cv_env_CC_set=
ac_cv_env_CC_value=
ac_cv_env_CFLAGS_set=
ac_cv_env_CFLAGS_value=
ac_cv_env_CPPFLAGS_set=
ac_cv_env_CPPFLAGS_value=
ac_cv_env_CPP_set=
ac_cv_env_CPP_value=
ac_cv_env_CXXCPP_set=
ac_cv_env_CXXCPP_value=
ac_cv_env_CXXFLAGS_set=
ac_cv_env_CXXFLAGS_value=
ac_cv_env_CXX_set=
ac_cv_env_CXX_value=
ac_cv_env_FLTK_CONFIG_set=
ac_cv_env_FLTK_CONFIG_value=
ac_cv_env_LDFLAGS_set=
ac_cv_env_LDFLAGS_value=
ac_cv_env_LIBS_set=
ac_cv_env_LIBS_value=
ac_cv_env_PKG_CONFIG_set=
ac_cv_env_PKG_CONFIG_value=
ac_cv_env_build_alias_set=
ac_cv_env_build_alias_value=
ac_cv_env_host_alias_set=
ac_cv_env_host_alias_value=
ac_cv_env_target_alias_set=
ac_cv_env_target_alias_value=
ac_cv_header_dlfcn_h=yes
ac_cv_header_inttypes_h=yes
ac_cv_header_memory_h=yes
ac_cv_header_stdc=yes
ac_cv_header_stdint_h=yes
ac_cv_header_stdlib_h=yes
ac_cv_header_string_h=yes
ac_cv_header_strings_h=yes
ac_cv_header_sys_stat_h=yes
ac_cv_header_sys_types_h=yes
ac_cv_header_unistd_h=yes
ac_cv_host=i686-pc-linux-gnu
ac_cv_objext=o
ac_cv_path_EGREP='/usr/bin/grep -E'
ac_cv_path_FGREP='/usr/bin/grep -F'
ac_cv_path_GREP=/usr/bin/grep
ac_cv_path_PKG_CONFIG=/usr/bin/pkg-config
ac_cv_path_SED=/usr/bin/sed
ac_cv_path_install='/usr/bin/ginstall -c'
ac_cv_path_mkdir=/usr/bin/mkdir
ac_cv_prog_AWK=gawk
ac_cv_prog_CPP='gcc -E'
ac_cv_prog_CXXCPP='g++ -E'
ac_cv_prog_ac_ct_AR=ar
ac_cv_prog_ac_ct_CC=gcc
ac_cv_prog_ac_ct_CXX=g++
ac_cv_prog_ac_ct_MANIFEST_TOOL=mt
ac_cv_prog_ac_ct_OBJDUMP=objdump
ac_cv_prog_ac_ct_RANLIB=ranlib
ac_cv_prog_ac_ct_STRIP=strip
ac_cv_prog_cc_c89=
ac_cv_prog_cc_g=yes
ac_cv_prog_cxx_g=yes
ac_cv_prog_make_make_set=yes
am_cv_CC_dependencies_compiler_type=gcc3
am_cv_CXX_dependencies_compiler_type=gcc3
am_cv_make_support_nested_variables=yes
am_cv_prog_cc_c_o=yes
lt_cv_ar_at_file=@
lt_cv_archive_cmds_need_lc=no
lt_cv_deplibs_check_method=pass_all
lt_cv_file_magic_cmd='$MAGIC_CMD'
lt_cv_file_magic_test_file=
lt_cv_ld_reload_flag=-r
lt_cv_nm_interface='BSD nm'
lt_cv_objdir=.libs
lt_cv_path_LD=/usr/i686-linux-gnu/bin/ld
lt_cv_path_LDCXX=/usr/i686-linux-gnu/bin/ld
lt_cv_path_NM='/usr/bin/nm -B'
lt_cv_path_mainfest_tool=no
lt_cv_prog_compiler_c_o=yes
lt_cv_prog_compiler_c_o_CXX=yes
lt_cv_prog_compiler_pic='-fPIC -DPIC'
lt_cv_prog_compiler_pic_CXX='-fPIC -DPIC'
lt_cv_prog_compiler_pic_works=yes
lt_cv_prog_compiler_pic_works_CXX=yes
lt_cv_prog_compiler_rtti_exceptions=no
lt_cv_prog_compiler_static_works=yes
lt_cv_prog_compiler_static_works_CXX=yes
lt_cv_prog_gnu_ld=yes
lt_cv_prog_gnu_ldcxx=yes
lt_cv_sharedlib_from_linklib_cmd='printf %s\n'
lt_cv_shlibpath_overrides_runpath=no
lt_cv_sys_global_symbol_pipe='sed -n -e '\''s/^.*[	 ]\([ABCDGIRSTW][ABCDGIRSTW]*\)[	 ][	 ]*\([_A-Za-z][_A-Za-z0-9]*\)$/\1 \2 \2/p'\'' | sed '\''/ __gnu_lto/d'\'''
lt_cv_sys_global_symbol_to_c_name_address='sed -n -e '\''s/^: \([^ ]*\)[ ]*$/  {\"\1\", (void *) 0},/p'\'' -e '\''s/^[ABCDGIRSTW]* \([^ ]*\) \([^ ]*\)$/  {"\2", (void *) \&\2},/p'\'''
lt_cv_sys_global_symbol_to_c_name_address_lib_prefix='sed -n -e '\''s/^: \([^ ]*\)[ ]*$/  {\"\1\", (void *) 0},/p'\'' -e '\''s/^[ABCDGIRSTW]* \([^ ]*\) \(lib[^ ]*\)$/  {"\2", (void *) \&\2},/p'\'' -e '\''s/^[ABCDGIRSTW]* \([^ ]*\) \([^ ]*\)$/  {"lib\2", (void *) \&\2},/p'\'''
lt_cv_sys_global_symbol_to_cdecl='sed -n -e '\''s/^T .* \(.*\)$/extern int \1();/p'\'' -e '\''s/^[ABCDGIRSTW]* .* \(.*\)$/extern char \1;/p'\'''
lt_cv_sys_max_cmd_len=1572864
lt_cv_to_host_file_cmd=func_convert_file_noop
lt_cv_to_tool_file_cmd=func_convert_file_noop

## ----------------- ##
## Output variables. ##
## ----------------- ##

ACLOCAL='${SHELL} /usr/src/openexr/OpenEXR_Viewers/missing aclocal-1.14'
AMDEPBACKSLASH='\'
AMDEP_FALSE='#'
AMDEP_TRUE=''
AMTAR='$${TAR-tar}'
AM_BACKSLASH='\'
AM_CFLAGS=''
AM_CXXFLAGS=''
AM_DEFAULT_V='$(AM_DEFAULT_VERBOSITY)'
AM_DEFAULT_VERBOSITY='1'
AM_V='$(V)'
AR='ar'
AUTOCONF='${SHELL} /usr/src/openexr/OpenEXR_Viewers/missing autoconf'
AUTOHEADER='${SHELL} /usr/src/openexr/OpenEXR_Viewers/missing autoheader'
AUTOMAKE='${SHELL} /usr/src/openexr/OpenEXR_Viewers/missing automake-1.14'
AWK='gawk'
CC='gcc'
CCDEPMODE='depmode=gcc3'
CFLAGS='-g -O2'
CG_CXXFLAGS=''
CG_LDFLAGS=''
CPP='gcc -E'
CPPFLAGS=''
CXX='g++'
CXXCPP='g++ -E'
CXXDEPMODE='depmode=gcc3'
CXXFLAGS='-g -O2 -pthread -I/usr/include/OpenEXR  '
CYGPATH_W='echo'
DEFS=''
DEPDIR='.deps'
DLLTOOL='false'
DSYMUTIL=''
DUMPBIN=''
ECHO_C=''
ECHO_N='-n'
ECHO_T=''
EGREP='/usr/bin/grep -E'
EXEEXT=''
FGREP='/usr/bin/grep -F'
FLTK_CONFIG=''
FLTK_CXXFLAGS=''
FLTK_LDFLAGS=''
GL_CXXFLAGS=''
GREP='/usr/bin/grep'
HAVE_CG_FALSE=''
HAVE_CG_TRUE=''
HAVE_CTL_FALSE=''
HAVE_CTL_TRUE=''
HAVE_FLTK_FALSE=''
HAVE_FLTK_TRUE=''
INSTALL_DATA='${INSTALL} -m 644'
INSTALL_PROGRAM='${INSTALL}'
INSTALL_SCRIPT='${INSTALL}'
INSTALL_STRIP_PROGRAM='$(install_sh) -c -s'
LD='/usr/i686-linux-gnu/bin/ld'
LDFLAGS='  '
LIBOBJS=''
LIBS=' -pthread -lIlmImf -lImath -lHalf -lIex -lIlmThread  '
LIBTOOL='$(SHELL) $(top_builddir)/libtool'
LIBTOOL_VERSION='6:0:0'
LIPO=''
LN_S='ln -s'
LTLIBOBJS=''
MAINT='#'
MAINTAINER_MODE_FALSE=''
MAINTAINER_MODE_TRUE='#'
MAKEINFO='${SHELL} /usr/src/openexr/OpenEXR_Viewers/missing makeinfo'
MANIFEST_TOOL=':'
MKDIR_P='/usr/bin/mkdir -p'
NM='/usr/bin/nm -B'
NMEDIT=''
OBJDUMP='objdump'
OBJEXT='o'
OPENEXR_CTL_CXXFLAGS='-pthread -I/usr/include/OpenEXR -I/usr/include/CTL  '
OPENEXR_CTL_LDFLAGS=' '
OPENEXR_CTL_LIBS='-lIlmImfCtl  '
OPENEXR_CXXFLAGS='-pthread -I/usr/include/OpenEXR  '
OPENEXR_LDFLAGS=' '
OPENEXR_LIBS='-pthread -lIlmImf -lImath -lHalf -lIex -lIlmThread  '
OPENEXR_VIEWERS_VERSION='2.0.0'
OTOOL64=''
OTOOL=''
PACKAGE='openexr_viewers'
PACKAGE_BUGREPORT=''
PACKAGE_NAME='OpenEXR_Viewers'
PACKAGE_STRING='OpenEXR_Viewers 2.0.0'
PACKAGE_TARNAME='openexr_viewers'
PACKAGE_URL=''
PACKAGE_VERSION='2.0.0'
PATH_SEPARATOR=':'
PKG_CONFIG='/usr/bin/pkg-config'
PTHREAD_CC=''
PTHREAD_CFLAGS=''
PTHREAD_LIBS=''
RANLIB='ranlib'
SED='/usr/bin/sed'
SET_MAKE=''
SHELL='/bin/sh'
STRIP='strip'
VERSION='2.0.0'
ac_ct_AR='ar'
ac_ct_CC='gcc'
ac_ct_CXX='g++'
ac_ct_DUMPBIN=''
acx_pthread_config=''
am__EXEEXT_FALSE=''
am__EXEEXT_TRUE=''
am__fastdepCC_FALSE='#'
am__fastdepCC_TRUE=''
am__fastdepCXX_FALSE='#'
am__fastdepCXX_TRUE=''
am__include='include'
am__isrc=''
am__leading_dot='.'
am__nodep='_no'
am__quote=''
am__tar='$${TAR-tar} chof - "$$tardir"'
am__untar='$${TAR-tar} xf -'
bindir='${exec_prefix}/bin'
build='i686-pc-linux-gnu'
build_alias=''
build_cpu='i686'
build_os='linux-gnu'
build_vendor='pc'
datadir='${datarootdir}'
datarootdir='${prefix}/share'
docdir='${datarootdir}/doc/${PACKAGE_TARNAME}'
dvidir='${docdir}'
exec_prefix='NONE'
host='i686-pc-linux-gnu'
host_alias=''
host_cpu='i686'
host_os='linux-gnu'
host_vendor='pc'
htmldir='${docdir}'
includedir='${prefix}/include'
infodir='${datarootdir}/info'
install_sh='${SHELL} /usr/src/openexr/OpenEXR_Viewers/install-sh'
libdir='${exec_prefix}/lib'
libexecdir='${exec_prefix}/libexec'
localedir='${datarootdir}/locale'
localstatedir='${prefix}/var'
mandir='${datarootdir}/man'
mkdir_p='$(MKDIR_P)'
oldincludedir='/usr/include'
pdfdir='${docdir}'
prefix='/usr'
program_transform_name='s,x,x,'
psdir='${docdir}'
sbindir='${exec_prefix}/sbin'
sharedstatedir='${prefix}/com'
sysconfdir='${prefix}/etc'
target_alias=''

## ----------- ##
## confdefs.h. ##
## ----------- ##

/* confdefs.h */
#define PACKAGE_NAME "OpenEXR_Viewers"
#define PACKAGE_TARNAME "openexr_viewers"
#define PACKAGE_VERSION "2.0.0"
#define PACKAGE_STRING "OpenEXR_Viewers 2.0.0"
#define PACKAGE_BUGREPORT ""
#define PACKAGE_URL ""
#define PACKAGE "openexr_viewers"
#define VERSION "2.0.0"
#define STDC_HEADERS 1
#define HAVE_SYS_TYPES_H 1
#define HAVE_SYS_STAT_H 1
#define HAVE_STDLIB_H 1
#define HAVE_STRING_H 1
#define HAVE_MEMORY_H 1
#define HAVE_STRINGS_H 1
#define HAVE_INTTYPES_H 1
#define HAVE_STDINT_H 1
#define HAVE_UNISTD_H 1
#define HAVE_DLFCN_H 1
#define LT_OBJDIR ".libs/"

configure: exit 1
